<?xml version="1.0" encoding="UTF-8"?>
<coverage generated="1750801703969" clover="3.2.0">
  <project timestamp="1750801703969" name="All files">
    <metrics statements="9" coveredstatements="9" conditionals="7" coveredconditionals="7" methods="1" coveredmethods="1" elements="17" coveredelements="17" complexity="0" loc="9" ncloc="9" packages="1" files="1" classes="1"/>
    <file name="calculator.js" path="C:\Users\wipzo\Desktop\projekt\calculator.js">
      <metrics statements="9" coveredstatements="9" conditionals="7" coveredconditionals="7" methods="1" coveredmethods="1"/>
      <line num="2" count="6" type="cond" truecount="5" falsecount="0"/>
      <line num="4" count="1" type="stmt"/>
      <line num="6" count="1" type="stmt"/>
      <line num="8" count="1" type="stmt"/>
      <line num="10" count="2" type="cond" truecount="2" falsecount="0"/>
      <line num="11" count="1" type="stmt"/>
      <line num="13" count="1" type="stmt"/>
      <line num="15" count="1" type="stmt"/>
      <line num="19" count="1" type="stmt"/>
    </file>
  </project>
</coverage>
